%!Adobe-FontList 1.22
%Locale:0x409

%BeginFont
Handler:DirectoryHandler
FontType:Invalid
OutlineFileName:/Users/joshua/Library/Mobile Documents/com~apple~CloudDocs/Work/Let's Talk IAPT/design/resources/Document fonts/AdobeFnt21.lst
FileLength:2080
FileModTime:630960625
%EndFont

%BeginFont
Handler:DirectoryHandler
FontType:Invalid
OutlineFileName:/Users/joshua/Library/Mobile Documents/com~apple~CloudDocs/Work/Let's Talk IAPT/design/resources/Document fonts/AdobeFnt22.lst
FileLength:1852
FileModTime:632337807
%EndFont

%BeginFont
Handler:DirectoryHandler
FontType:TrueType
FontName:Arial-BoldMT
FamilyName:Arial
StyleName:Bold
MenuName:Arial
StyleBits:2
WeightClass:700
WidthClass:5
AngleClass:0
FullName:Arial Bold
WritingScript:Roman
OutlineFileName:/Users/joshua/Library/Mobile Documents/com~apple~CloudDocs/Work/Let's Talk IAPT/design/resources/Document fonts/Arial Bold.ttf
DataFormat:sfntData
hasSVG:no
VariableFontType:NonVariableFont
FileLength:751104
FileModTime:373795200
NameArray:0,Mac,4,Arial Bold
NameArray:0,Win,1,Arial
%EndFont

%BeginFont
Handler:DirectoryHandler
FontType:TrueType
FontName:Arial-ItalicMT
FamilyName:Arial
StyleName:Italic
MenuName:Arial
StyleBits:1
WeightClass:400
WidthClass:5
AngleClass:1
FullName:Arial Italic
WritingScript:Roman
OutlineFileName:/Users/joshua/Library/Mobile Documents/com~apple~CloudDocs/Work/Let's Talk IAPT/design/resources/Document fonts/Arial Italic.ttf
DataFormat:sfntData
hasSVG:no
VariableFontType:NonVariableFont
FileLength:557760
FileModTime:373795200
NameArray:0,Mac,4,Arial Italic
NameArray:0,Win,1,Arial
%EndFont

%BeginFont
Handler:DirectoryHandler
FontType:TrueType
FontName:ArialMT
FamilyName:Arial
StyleName:Regular
MenuName:Arial
StyleBits:0
WeightClass:400
WidthClass:5
AngleClass:0
FullName:Arial
WritingScript:Roman
OutlineFileName:/Users/joshua/Library/Mobile Documents/com~apple~CloudDocs/Work/Let's Talk IAPT/design/resources/Document fonts/Arial.ttf
DataFormat:sfntData
hasSVG:no
VariableFontType:NonVariableFont
FileLength:774476
FileModTime:373795200
NameArray:0,Mac,4,Arial
NameArray:0,Win,1,Arial
%EndFont

